<?xml version="1.0" encoding="UTF-8"?>
<!-- Generated by org.testng.reporters.JUnitXMLReporter -->
<testsuite hostname="DESKTOP-3SL4LUB" ignored="0" name="Dependency Test" tests="3" failures="1" timestamp="2020-03-01T11:43:44 IST" time="0.078" errors="0">
  <testcase name="doUserReg" time="0.001" classname="testnglearning.TestCase3">
    <failure type="java.lang.AssertionError" message="User not registered successfully">
      <![CDATA[java.lang.AssertionError: User not registered successfully
at testnglearning.TestCase3.doUserReg(TestCase3.java:15)
at java.util.ArrayList.forEach(Unknown Source)
... Removed 29 stack frames]]>
    </failure>
  </testcase> <!-- doUserReg -->
  <testcase name="doLogin" time="0.0" classname="testnglearning.TestCase3">
    <skipped/>
  </testcase> <!-- doLogin -->
  <testcase name="isSkip" time="0.009" classname="testnglearning.TestCase3">
    <skipped/>
  </testcase> <!-- isSkip -->
</testsuite> <!-- Dependency Test -->
